  0%|          | 0/7613 [00:00<?, ?it/s]  0%|          | 23/7613 [00:00<00:33, 227.73it/s]  1%|          | 47/7613 [00:00<00:32, 230.47it/s]  1%|          | 71/7613 [00:00<00:32, 232.01it/s]  1%|          | 95/7613 [00:00<00:32, 232.69it/s]  2%|▏         | 119/7613 [00:00<00:32, 233.09it/s]  2%|▏         | 143/7613 [00:00<00:31, 233.49it/s]  2%|▏         | 167/7613 [00:00<00:31, 233.78it/s]  3%|▎         | 191/7613 [00:00<00:31, 234.07it/s]  3%|▎         | 215/7613 [00:00<00:31, 234.37it/s]  3%|▎         | 239/7613 [00:01<00:31, 234.57it/s]  3%|▎         | 263/7613 [00:01<00:31, 234.51it/s]  4%|▍         | 287/7613 [00:01<00:31, 234.77it/s]  4%|▍         | 311/7613 [00:01<00:31, 234.98it/s]  4%|▍         | 335/7613 [00:01<00:30, 235.15it/s]  5%|▍         | 359/7613 [00:01<00:30, 235.58it/s]  5%|▌         | 383/7613 [00:01<00:30, 236.10it/s]  5%|▌         | 407/7613 [00:01<00:30, 236.39it/s]  6%|▌         | 431/7613 [00:01<00:30, 236.59it/s]  6%|▌         | 455/7613 [00:01<00:30, 236.75it/s]  6%|▋         | 479/7613 [00:02<00:30, 236.85it/s]  7%|▋         | 503/7613 [00:02<00:30, 236.76it/s]  7%|▋         | 527/7613 [00:02<00:29, 236.94it/s]  7%|▋         | 551/7613 [00:02<00:29, 237.14it/s]  8%|▊         | 575/7613 [00:02<00:29, 237.21it/s]  8%|▊         | 599/7613 [00:02<00:29, 237.29it/s]  8%|▊         | 623/7613 [00:02<00:29, 237.34it/s]  8%|▊         | 647/7613 [00:02<00:29, 237.42it/s]  9%|▉         | 671/7613 [00:02<00:29, 237.39it/s]  9%|▉         | 695/7613 [00:02<00:29, 237.41it/s]  9%|▉         | 719/7613 [00:03<00:29, 237.37it/s] 10%|▉         | 743/7613 [00:03<00:28, 237.19it/s] 10%|█         | 767/7613 [00:03<00:28, 237.26it/s] 10%|█         | 791/7613 [00:03<00:28, 237.30it/s] 11%|█         | 815/7613 [00:03<00:28, 237.37it/s] 11%|█         | 839/7613 [00:03<00:28, 237.35it/s] 11%|█▏        | 863/7613 [00:03<00:28, 237.36it/s] 12%|█▏        | 887/7613 [00:03<00:28, 237.36it/s] 12%|█▏        | 911/7613 [00:03<00:28, 237.35it/s] 12%|█▏        | 935/7613 [00:03<00:28, 237.36it/s] 13%|█▎        | 959/7613 [00:04<00:28, 237.34it/s] 13%|█▎        | 983/7613 [00:04<00:27, 236.93it/s] 13%|█▎        | 1007/7613 [00:04<00:27, 237.08it/s] 14%|█▎        | 1031/7613 [00:04<00:27, 237.19it/s] 14%|█▍        | 1055/7613 [00:04<00:27, 237.34it/s] 14%|█▍        | 1079/7613 [00:04<00:27, 237.43it/s] 14%|█▍        | 1103/7613 [00:04<00:27, 237.52it/s] 15%|█▍        | 1127/7613 [00:04<00:27, 237.59it/s] 15%|█▌        | 1151/7613 [00:04<00:27, 237.59it/s] 15%|█▌        | 1175/7613 [00:04<00:27, 237.63it/s] 16%|█▌        | 1199/7613 [00:05<00:27, 237.44it/s] 16%|█▌        | 1223/7613 [00:05<00:26, 237.49it/s] 16%|█▋        | 1247/7613 [00:05<00:26, 237.49it/s] 17%|█▋        | 1271/7613 [00:05<00:26, 237.57it/s] 17%|█▋        | 1295/7613 [00:05<00:26, 237.58it/s] 17%|█▋        | 1319/7613 [00:05<00:26, 237.59it/s] 18%|█▊        | 1343/7613 [00:05<00:26, 237.59it/s] 18%|█▊        | 1367/7613 [00:05<00:26, 237.64it/s] 18%|█▊        | 1391/7613 [00:05<00:26, 237.63it/s] 19%|█▊        | 1415/7613 [00:05<00:26, 237.63it/s] 19%|█▉        | 1439/7613 [00:06<00:25, 237.66it/s] 19%|█▉        | 1463/7613 [00:06<00:25, 237.44it/s] 20%|█▉        | 1487/7613 [00:06<00:25, 237.49it/s] 20%|█▉        | 1511/7613 [00:06<00:25, 237.53it/s] 20%|██        | 1535/7613 [00:06<00:25, 237.57it/s] 20%|██        | 1559/7613 [00:06<00:25, 237.60it/s] 21%|██        | 1583/7613 [00:06<00:25, 237.63it/s] 21%|██        | 1607/7613 [00:06<00:25, 237.69it/s] 21%|██▏       | 1631/7613 [00:06<00:25, 237.69it/s] 22%|██▏       | 1655/7613 [00:06<00:25, 237.66it/s] 22%|██▏       | 1679/7613 [00:07<00:24, 237.64it/s] 22%|██▏       | 1703/7613 [00:07<00:24, 237.44it/s] 23%|██▎       | 1727/7613 [00:07<00:24, 237.49it/s] 23%|██▎       | 1751/7613 [00:07<00:24, 237.51it/s] 23%|██▎       | 1775/7613 [00:07<00:24, 237.57it/s] 24%|██▎       | 1799/7613 [00:07<00:24, 237.41it/s] 24%|██▍       | 1823/7613 [00:07<00:24, 237.47it/s] 24%|██▍       | 1847/7613 [00:07<00:24, 237.55it/s] 25%|██▍       | 1871/7613 [00:07<00:24, 237.58it/s] 25%|██▍       | 1895/7613 [00:08<00:24, 237.56it/s] 25%|██▌       | 1919/7613 [00:08<00:23, 237.54it/s] 26%|██▌       | 1943/7613 [00:08<00:23, 237.42it/s] 26%|██▌       | 1967/7613 [00:08<00:23, 237.48it/s] 26%|██▌       | 1991/7613 [00:08<00:23, 237.55it/s] 26%|██▋       | 2015/7613 [00:08<00:23, 237.58it/s] 27%|██▋       | 2039/7613 [00:08<00:23, 237.60it/s] 27%|██▋       | 2063/7613 [00:08<00:23, 237.63it/s] 27%|██▋       | 2087/7613 [00:08<00:23, 237.62it/s] 28%|██▊       | 2111/7613 [00:08<00:23, 237.60it/s] 28%|██▊       | 2135/7613 [00:09<00:23, 237.60it/s] 28%|██▊       | 2159/7613 [00:09<00:22, 237.61it/s] 29%|██▊       | 2183/7613 [00:09<00:22, 237.22it/s] 29%|██▉       | 2207/7613 [00:09<00:22, 237.30it/s] 29%|██▉       | 2231/7613 [00:09<00:22, 237.38it/s] 30%|██▉       | 2255/7613 [00:09<00:22, 237.46it/s] 30%|██▉       | 2279/7613 [00:09<00:22, 237.49it/s] 30%|███       | 2303/7613 [00:09<00:22, 237.58it/s] 31%|███       | 2327/7613 [00:09<00:22, 237.59it/s] 31%|███       | 2351/7613 [00:09<00:22, 237.64it/s] 31%|███       | 2375/7613 [00:10<00:22, 237.34it/s] 32%|███▏      | 2399/7613 [00:10<00:21, 237.35it/s] 32%|███▏      | 2423/7613 [00:10<00:21, 237.43it/s] 32%|███▏      | 2447/7613 [00:10<00:21, 237.50it/s] 32%|███▏      | 2471/7613 [00:10<00:21, 237.53it/s] 33%|███▎      | 2495/7613 [00:10<00:21, 237.60it/s] 33%|███▎      | 2519/7613 [00:10<00:21, 237.63it/s] 33%|███▎      | 2543/7613 [00:10<00:21, 237.66it/s] 34%|███▎      | 2567/7613 [00:10<00:21, 237.67it/s] 34%|███▍      | 2591/7613 [00:10<00:21, 237.67it/s] 34%|███▍      | 2615/7613 [00:11<00:21, 237.69it/s] 35%|███▍      | 2639/7613 [00:11<00:20, 237.56it/s] 35%|███▍      | 2663/7613 [00:11<00:20, 237.59it/s] 35%|███▌      | 2687/7613 [00:11<00:20, 237.63it/s] 36%|███▌      | 2711/7613 [00:11<00:20, 237.64it/s] 36%|███▌      | 2735/7613 [00:11<00:20, 237.66it/s] 36%|███▌      | 2759/7613 [00:11<00:20, 237.67it/s] 37%|███▋      | 2783/7613 [00:11<00:20, 237.70it/s] 37%|███▋      | 2807/7613 [00:11<00:20, 237.64it/s] 37%|███▋      | 2831/7613 [00:11<00:20, 237.65it/s] 38%|███▊      | 2855/7613 [00:12<00:20, 237.69it/s] 38%|███▊      | 2879/7613 [00:12<00:19, 237.55it/s] 38%|███▊      | 2903/7613 [00:12<00:19, 237.56it/s] 38%|███▊      | 2927/7613 [00:12<00:19, 237.60it/s] 39%|███▉      | 2951/7613 [00:12<00:19, 237.65it/s] 39%|███▉      | 2975/7613 [00:12<00:19, 237.67it/s] 39%|███▉      | 2999/7613 [00:12<00:19, 237.66it/s] 40%|███▉      | 3023/7613 [00:12<00:19, 237.69it/s] 40%|████      | 3047/7613 [00:12<00:19, 237.67it/s] 40%|████      | 3071/7613 [00:12<00:19, 237.69it/s] 41%|████      | 3095/7613 [00:13<00:19, 237.67it/s] 41%|████      | 3119/7613 [00:13<00:18, 237.47it/s] 41%|████▏     | 3143/7613 [00:13<00:18, 237.55it/s] 42%|████▏     | 3167/7613 [00:13<00:18, 237.59it/s] 42%|████▏     | 3191/7613 [00:13<00:18, 237.57it/s] 42%|████▏     | 3215/7613 [00:13<00:18, 237.61it/s] 43%|████▎     | 3239/7613 [00:13<00:18, 237.67it/s] 43%|████▎     | 3263/7613 [00:13<00:18, 237.68it/s] 43%|████▎     | 3287/7613 [00:13<00:18, 237.69it/s] 43%|████▎     | 3311/7613 [00:13<00:18, 237.66it/s] 44%|████▍     | 3335/7613 [00:14<00:17, 237.70it/s] 44%|████▍     | 3359/7613 [00:14<00:17, 237.55it/s] 44%|████▍     | 3383/7613 [00:14<00:17, 237.62it/s] 45%|████▍     | 3407/7613 [00:14<00:17, 237.52it/s] 45%|████▌     | 3431/7613 [00:14<00:17, 237.56it/s] 45%|████▌     | 3455/7613 [00:14<00:17, 237.57it/s] 46%|████▌     | 3479/7613 [00:14<00:17, 237.61it/s] 46%|████▌     | 3503/7613 [00:14<00:17, 237.62it/s] 46%|████▋     | 3527/7613 [00:14<00:17, 237.66it/s] 47%|████▋     | 3551/7613 [00:14<00:17, 237.64it/s] 47%|████▋     | 3575/7613 [00:15<00:16, 237.64it/s] 47%|████▋     | 3599/7613 [00:15<00:16, 237.26it/s] 48%|████▊     | 3623/7613 [00:15<00:16, 237.38it/s] 48%|████▊     | 3647/7613 [00:15<00:16, 237.47it/s] 48%|████▊     | 3671/7613 [00:15<00:16, 237.50it/s] 49%|████▊     | 3695/7613 [00:15<00:16, 237.54it/s] 49%|████▉     | 3719/7613 [00:15<00:16, 237.56it/s] 49%|████▉     | 3743/7613 [00:15<00:16, 237.56it/s] 49%|████▉     | 3767/7613 [00:15<00:16, 237.59it/s] 50%|████▉     | 3791/7613 [00:15<00:16, 237.57it/s] 50%|█████     | 3815/7613 [00:16<00:15, 237.60it/s] 50%|█████     | 3839/7613 [00:16<00:15, 237.41it/s] 51%|█████     | 3863/7613 [00:16<00:15, 237.50it/s] 51%|█████     | 3887/7613 [00:16<00:15, 237.53it/s] 51%|█████▏    | 3911/7613 [00:16<00:15, 237.53it/s] 52%|█████▏    | 3935/7613 [00:16<00:15, 237.60it/s] 52%|█████▏    | 3959/7613 [00:16<00:15, 237.64it/s] 52%|█████▏    | 3983/7613 [00:16<00:15, 237.59it/s] 53%|█████▎    | 4007/7613 [00:16<00:15, 237.57it/s] 53%|█████▎    | 4031/7613 [00:16<00:15, 237.59it/s] 53%|█████▎    | 4055/7613 [00:17<00:14, 237.66it/s] 54%|█████▎    | 4079/7613 [00:17<00:14, 237.50it/s] 54%|█████▍    | 4103/7613 [00:17<00:14, 237.56it/s] 54%|█████▍    | 4127/7613 [00:17<00:14, 237.60it/s] 55%|█████▍    | 4151/7613 [00:17<00:14, 237.66it/s] 55%|█████▍    | 4175/7613 [00:17<00:14, 237.67it/s] 55%|█████▌    | 4199/7613 [00:17<00:14, 237.70it/s] 55%|█████▌    | 4223/7613 [00:17<00:14, 237.69it/s] 56%|█████▌    | 4247/7613 [00:17<00:14, 237.69it/s] 56%|█████▌    | 4271/7613 [00:18<00:14, 237.64it/s] 56%|█████▋    | 4295/7613 [00:18<00:13, 237.64it/s] 57%|█████▋    | 4319/7613 [00:18<00:13, 237.44it/s] 57%|█████▋    | 4343/7613 [00:18<00:13, 237.52it/s] 57%|█████▋    | 4367/7613 [00:18<00:13, 237.53it/s] 58%|█████▊    | 4391/7613 [00:18<00:13, 237.54it/s] 58%|█████▊    | 4415/7613 [00:18<00:13, 237.57it/s] 58%|█████▊    | 4439/7613 [00:18<00:13, 237.58it/s] 59%|█████▊    | 4463/7613 [00:18<00:13, 237.67it/s] 59%|█████▉    | 4487/7613 [00:18<00:13, 237.66it/s] 59%|█████▉    | 4511/7613 [00:19<00:13, 237.71it/s] 60%|█████▉    | 4535/7613 [00:19<00:12, 237.69it/s] 60%|█████▉    | 4559/7613 [00:19<00:12, 237.52it/s] 60%|██████    | 4583/7613 [00:19<00:12, 237.57it/s] 61%|██████    | 4607/7613 [00:19<00:12, 237.45it/s] 61%|██████    | 4631/7613 [00:19<00:12, 237.48it/s] 61%|██████    | 4655/7613 [00:19<00:12, 234.80it/s] 61%|██████▏   | 4679/7613 [00:19<00:12, 235.62it/s] 62%|██████▏   | 4703/7613 [00:19<00:12, 236.24it/s] 62%|██████▏   | 4727/7613 [00:19<00:12, 236.68it/s] 62%|██████▏   | 4751/7613 [00:20<00:12, 236.37it/s] 63%|██████▎   | 4775/7613 [00:20<00:11, 236.80it/s] 63%|██████▎   | 4799/7613 [00:20<00:11, 237.09it/s] 63%|██████▎   | 4823/7613 [00:20<00:11, 237.31it/s] 64%|██████▎   | 4847/7613 [00:20<00:11, 237.51it/s] 64%|██████▍   | 4871/7613 [00:20<00:11, 237.56it/s] 64%|██████▍   | 4895/7613 [00:20<00:11, 237.66it/s] 65%|██████▍   | 4919/7613 [00:20<00:11, 237.74it/s] 65%|██████▍   | 4943/7613 [00:20<00:11, 237.74it/s] 65%|██████▌   | 4967/7613 [00:20<00:11, 237.74it/s] 66%|██████▌   | 4991/7613 [00:21<00:11, 237.78it/s] 66%|██████▌   | 5015/7613 [00:21<00:10, 237.60it/s] 66%|██████▌   | 5039/7613 [00:21<00:10, 237.68it/s] 67%|██████▋   | 5063/7613 [00:21<00:10, 237.76it/s] 67%|██████▋   | 5087/7613 [00:21<00:10, 237.79it/s] 67%|██████▋   | 5111/7613 [00:21<00:10, 237.80it/s] 67%|██████▋   | 5135/7613 [00:21<00:10, 237.79it/s] 68%|██████▊   | 5159/7613 [00:21<00:10, 237.82it/s] 68%|██████▊   | 5183/7613 [00:21<00:10, 237.76it/s] 68%|██████▊   | 5207/7613 [00:21<00:10, 237.80it/s] 69%|██████▊   | 5231/7613 [00:22<00:10, 237.79it/s] 69%|██████▉   | 5255/7613 [00:22<00:09, 237.66it/s] 69%|██████▉   | 5279/7613 [00:22<00:09, 237.69it/s] 70%|██████▉   | 5303/7613 [00:22<00:09, 237.74it/s] 70%|██████▉   | 5327/7613 [00:22<00:09, 237.78it/s] 70%|███████   | 5351/7613 [00:22<00:09, 237.79it/s] 71%|███████   | 5375/7613 [00:22<00:09, 237.76it/s] 71%|███████   | 5399/7613 [00:22<00:09, 237.76it/s] 71%|███████   | 5423/7613 [00:22<00:09, 237.79it/s] 72%|███████▏  | 5447/7613 [00:22<00:09, 237.81it/s] 72%|███████▏  | 5471/7613 [00:23<00:09, 237.83it/s] 72%|███████▏  | 5495/7613 [00:23<00:08, 237.66it/s] 72%|███████▏  | 5519/7613 [00:23<00:08, 237.63it/s] 73%|███████▎  | 5543/7613 [00:23<00:08, 237.69it/s] 73%|███████▎  | 5567/7613 [00:23<00:08, 237.75it/s] 73%|███████▎  | 5591/7613 [00:23<00:08, 237.75it/s] 74%|███████▍  | 5615/7613 [00:23<00:08, 237.78it/s] 74%|███████▍  | 5639/7613 [00:23<00:08, 237.77it/s] 74%|███████▍  | 5663/7613 [00:23<00:08, 237.77it/s] 75%|███████▍  | 5687/7613 [00:23<00:08, 237.79it/s] 75%|███████▌  | 5711/7613 [00:24<00:07, 237.82it/s] 75%|███████▌  | 5735/7613 [00:24<00:07, 237.71it/s] 76%|███████▌  | 5759/7613 [00:24<00:07, 237.73it/s] 76%|███████▌  | 5783/7613 [00:24<00:07, 237.78it/s] 76%|███████▋  | 5807/7613 [00:24<00:07, 237.72it/s] 77%|███████▋  | 5831/7613 [00:24<00:07, 237.69it/s] 77%|███████▋  | 5855/7613 [00:24<00:07, 237.69it/s] 77%|███████▋  | 5879/7613 [00:24<00:07, 237.72it/s] 78%|███████▊  | 5903/7613 [00:24<00:07, 237.72it/s] 78%|███████▊  | 5927/7613 [00:24<00:07, 237.72it/s] 78%|███████▊  | 5951/7613 [00:25<00:06, 237.71it/s] 78%|███████▊  | 5975/7613 [00:25<00:06, 236.74it/s] 79%|███████▉  | 5999/7613 [00:25<00:06, 237.16it/s] 79%|███████▉  | 6023/7613 [00:25<00:06, 237.42it/s] 79%|███████▉  | 6047/7613 [00:25<00:06, 237.62it/s] 80%|███████▉  | 6071/7613 [00:25<00:06, 237.69it/s] 80%|████████  | 6095/7613 [00:25<00:06, 237.79it/s] 80%|████████  | 6119/7613 [00:25<00:06, 237.86it/s] 81%|████████  | 6143/7613 [00:25<00:06, 237.94it/s] 81%|████████  | 6167/7613 [00:25<00:06, 237.99it/s] 81%|████████▏ | 6191/7613 [00:26<00:05, 238.02it/s] 82%|████████▏ | 6215/7613 [00:26<00:05, 237.87it/s] 82%|████████▏ | 6239/7613 [00:26<00:05, 237.92it/s] 82%|████████▏ | 6263/7613 [00:26<00:05, 238.01it/s] 83%|████████▎ | 6287/7613 [00:26<00:05, 238.03it/s] 83%|████████▎ | 6311/7613 [00:26<00:05, 238.02it/s] 83%|████████▎ | 6335/7613 [00:26<00:05, 238.01it/s] 84%|████████▎ | 6359/7613 [00:26<00:05, 237.97it/s] 84%|████████▍ | 6383/7613 [00:26<00:05, 237.96it/s] 84%|████████▍ | 6407/7613 [00:26<00:05, 238.00it/s] 84%|████████▍ | 6431/7613 [00:27<00:04, 238.00it/s] 85%|████████▍ | 6455/7613 [00:27<00:04, 237.84it/s] 85%|████████▌ | 6479/7613 [00:27<00:04, 237.91it/s] 85%|████████▌ | 6503/7613 [00:27<00:04, 237.99it/s] 86%|████████▌ | 6527/7613 [00:27<00:04, 238.03it/s] 86%|████████▌ | 6551/7613 [00:27<00:04, 238.01it/s] 86%|████████▋ | 6575/7613 [00:27<00:04, 238.05it/s] 87%|████████▋ | 6599/7613 [00:27<00:04, 238.03it/s] 87%|████████▋ | 6623/7613 [00:27<00:04, 238.08it/s] 87%|████████▋ | 6647/7613 [00:28<00:04, 238.06it/s] 88%|████████▊ | 6671/7613 [00:28<00:03, 238.08it/s] 88%|████████▊ | 6695/7613 [00:28<00:03, 237.89it/s] 88%|████████▊ | 6719/7613 [00:28<00:03, 237.93it/s] 89%|████████▊ | 6743/7613 [00:28<00:03, 237.99it/s] 89%|████████▉ | 6767/7613 [00:28<00:03, 238.03it/s] 89%|████████▉ | 6791/7613 [00:28<00:03, 238.05it/s] 90%|████████▉ | 6815/7613 [00:28<00:03, 238.05it/s] 90%|████████▉ | 6839/7613 [00:28<00:03, 238.04it/s] 90%|█████████ | 6863/7613 [00:28<00:03, 238.08it/s] 90%|█████████ | 6887/7613 [00:29<00:03, 238.06it/s] 91%|█████████ | 6911/7613 [00:29<00:02, 238.11it/s] 91%|█████████ | 6935/7613 [00:29<00:02, 238.02it/s] 91%|█████████▏| 6959/7613 [00:29<00:02, 238.08it/s] 92%|█████████▏| 6983/7613 [00:29<00:02, 238.10it/s] 92%|█████████▏| 7007/7613 [00:29<00:02, 238.10it/s] 92%|█████████▏| 7031/7613 [00:29<00:02, 237.83it/s] 93%|█████████▎| 7055/7613 [00:29<00:02, 237.90it/s] 93%|█████████▎| 7079/7613 [00:29<00:02, 237.88it/s] 93%|█████████▎| 7103/7613 [00:29<00:02, 237.98it/s] 94%|█████████▎| 7127/7613 [00:30<00:02, 238.00it/s] 94%|█████████▍| 7151/7613 [00:30<00:02, 204.00it/s] 94%|█████████▍| 7175/7613 [00:30<00:02, 211.71it/s] 95%|█████████▍| 7199/7613 [00:30<00:01, 218.30it/s] 95%|█████████▍| 7223/7613 [00:30<00:01, 221.92it/s] 95%|█████████▌| 7247/7613 [00:30<00:01, 224.49it/s] 96%|█████████▌| 7271/7613 [00:30<00:01, 226.37it/s] 96%|█████████▌| 7295/7613 [00:30<00:01, 227.65it/s] 96%|█████████▌| 7319/7613 [00:30<00:01, 228.83it/s] 96%|█████████▋| 7343/7613 [00:31<00:01, 231.20it/s] 97%|█████████▋| 7367/7613 [00:31<00:01, 233.04it/s] 97%|█████████▋| 7391/7613 [00:31<00:00, 233.91it/s] 97%|█████████▋| 7415/7613 [00:31<00:00, 234.95it/s] 98%|█████████▊| 7439/7613 [00:31<00:00, 235.70it/s] 98%|█████████▊| 7463/7613 [00:31<00:00, 236.18it/s] 98%|█████████▊| 7487/7613 [00:31<00:00, 236.50it/s] 99%|█████████▊| 7511/7613 [00:31<00:00, 235.48it/s] 99%|█████████▉| 7535/7613 [00:31<00:00, 236.07it/s] 99%|█████████▉| 7559/7613 [00:31<00:00, 236.55it/s]100%|█████████▉| 7583/7613 [00:32<00:00, 236.88it/s]100%|█████████▉| 7607/7613 [00:32<00:00, 237.14it/s]100%|██████████| 7613/7613 [00:32<00:00, 236.86it/s]
Traceback (most recent call last):
  File "/zhome/fd/6/127382/Desktop/MasterThesis/Master-thesis/main.py", line 91, in <module>
    scores_RandomForest_DI = method_RandomForest(X_train, X_test, DI_train, DI_test, 'DI_synth_split1', model=model, gridsearch=gridsearch, cv_in=[cv_train,split_test], verbose=verbose,n_jobs=n_jobs)
  File "/zhome/fd/6/127382/Desktop/MasterThesis/Master-thesis/functions.py", line 387, in method_RandomForest
    print(rf_train.oob_score_)
AttributeError: 'GridSearchCV' object has no attribute 'oob_score_'
  0%|          | 0/1273 [00:00<?, ?it/s]  2%|▏         | 21/1273 [00:00<00:06, 205.08it/s]  3%|▎         | 44/1273 [00:00<00:05, 218.17it/s]  5%|▌         | 67/1273 [00:00<00:05, 223.16it/s]  7%|▋         | 90/1273 [00:00<00:05, 225.52it/s]  9%|▉         | 113/1273 [00:00<00:05, 226.83it/s] 11%|█         | 136/1273 [00:00<00:04, 227.72it/s] 12%|█▏        | 159/1273 [00:00<00:04, 228.39it/s] 14%|█▍        | 183/1273 [00:00<00:04, 229.00it/s] 16%|█▋        | 207/1273 [00:00<00:04, 229.95it/s] 18%|█▊        | 231/1273 [00:01<00:04, 231.92it/s] 20%|██        | 255/1273 [00:01<00:04, 233.09it/s] 22%|██▏       | 279/1273 [00:01<00:04, 234.31it/s] 24%|██▍       | 303/1273 [00:01<00:04, 235.16it/s] 26%|██▌       | 327/1273 [00:01<00:04, 235.76it/s] 28%|██▊       | 351/1273 [00:01<00:03, 236.39it/s] 29%|██▉       | 375/1273 [00:01<00:03, 237.04it/s] 31%|███▏      | 399/1273 [00:01<00:03, 237.55it/s] 33%|███▎      | 423/1273 [00:01<00:03, 237.90it/s] 35%|███▌      | 447/1273 [00:01<00:03, 238.15it/s] 37%|███▋      | 471/1273 [00:02<00:03, 238.32it/s] 39%|███▉      | 495/1273 [00:02<00:03, 238.18it/s] 41%|████      | 519/1273 [00:02<00:03, 238.32it/s] 43%|████▎     | 543/1273 [00:02<00:03, 238.31it/s] 45%|████▍     | 567/1273 [00:02<00:02, 238.38it/s] 46%|████▋     | 591/1273 [00:02<00:02, 238.39it/s] 48%|████▊     | 615/1273 [00:02<00:02, 238.46it/s] 50%|█████     | 639/1273 [00:02<00:02, 238.53it/s] 52%|█████▏    | 663/1273 [00:02<00:02, 238.50it/s] 54%|█████▍    | 687/1273 [00:02<00:02, 238.48it/s] 56%|█████▌    | 711/1273 [00:03<00:02, 238.50it/s] 58%|█████▊    | 735/1273 [00:03<00:02, 238.28it/s] 60%|█████▉    | 759/1273 [00:03<00:02, 238.35it/s] 62%|██████▏   | 783/1273 [00:03<00:02, 238.39it/s] 63%|██████▎   | 807/1273 [00:03<00:01, 238.43it/s] 65%|██████▌   | 831/1273 [00:03<00:01, 238.47it/s] 67%|██████▋   | 855/1273 [00:03<00:01, 238.51it/s] 69%|██████▉   | 879/1273 [00:03<00:01, 238.49it/s] 71%|███████   | 903/1273 [00:03<00:01, 238.33it/s] 73%|███████▎  | 927/1273 [00:03<00:01, 238.36it/s] 75%|███████▍  | 951/1273 [00:04<00:01, 238.40it/s] 77%|███████▋  | 975/1273 [00:04<00:01, 238.22it/s] 78%|███████▊  | 999/1273 [00:04<00:01, 238.41it/s] 80%|████████  | 1023/1273 [00:04<00:01, 238.50it/s] 82%|████████▏ | 1047/1273 [00:04<00:00, 238.65it/s] 84%|████████▍ | 1071/1273 [00:04<00:00, 238.74it/s] 86%|████████▌ | 1095/1273 [00:04<00:00, 238.76it/s] 88%|████████▊ | 1119/1273 [00:04<00:00, 238.84it/s] 90%|████████▉ | 1143/1273 [00:04<00:00, 238.95it/s] 92%|█████████▏| 1167/1273 [00:04<00:00, 239.05it/s] 94%|█████████▎| 1191/1273 [00:05<00:00, 239.10it/s] 95%|█████████▌| 1215/1273 [00:05<00:00, 238.95it/s] 97%|█████████▋| 1239/1273 [00:05<00:00, 239.03it/s] 99%|█████████▉| 1263/1273 [00:05<00:00, 239.12it/s]100%|██████████| 1273/1273 [00:05<00:00, 236.42it/s]
Traceback (most recent call last):
  File "/zhome/fd/6/127382/miniconda3/lib/python3.9/site-packages/joblib/parallel.py", line 935, in retrieve
    self._output.extend(job.get(timeout=self.timeout))
  File "/zhome/fd/6/127382/miniconda3/lib/python3.9/site-packages/joblib/_parallel_backends.py", line 542, in wrap_future_result
    return future.result(timeout=timeout)
  File "/zhome/fd/6/127382/miniconda3/lib/python3.9/concurrent/futures/_base.py", line 441, in result
    self._condition.wait(timeout)
  File "/zhome/fd/6/127382/miniconda3/lib/python3.9/threading.py", line 312, in wait
    waiter.acquire()
KeyboardInterrupt

During handling of the above exception, another exception occurred:

Traceback (most recent call last):
  File "/zhome/fd/6/127382/Desktop/MasterThesis/Master-thesis/main.py", line 375, in <module>
    scores_RandomForest_DI = method_RandomForest(X_train, X_test, DI_train, DI_test, 'DI_45km_split1', model=model, gridsearch=gridsearch, cv_in=[cv_train,split_test], verbose=verbose,n_jobs=n_jobs)
  File "/zhome/fd/6/127382/Desktop/MasterThesis/Master-thesis/functions.py", line 362, in method_RandomForest
    rf_train.fit(X_train,y_train)
  File "/zhome/fd/6/127382/miniconda3/lib/python3.9/site-packages/sklearn/model_selection/_search.py", line 875, in fit
    self._run_search(evaluate_candidates)
  File "/zhome/fd/6/127382/miniconda3/lib/python3.9/site-packages/sklearn/model_selection/_search.py", line 1379, in _run_search
    evaluate_candidates(ParameterGrid(self.param_grid))
  File "/zhome/fd/6/127382/miniconda3/lib/python3.9/site-packages/sklearn/model_selection/_search.py", line 822, in evaluate_candidates
    out = parallel(
  File "/zhome/fd/6/127382/miniconda3/lib/python3.9/site-packages/joblib/parallel.py", line 1056, in __call__
    self.retrieve()
  File "/zhome/fd/6/127382/miniconda3/lib/python3.9/site-packages/joblib/parallel.py", line 957, in retrieve
    backend.abort_everything(ensure_ready=ensure_ready)
  File "/zhome/fd/6/127382/miniconda3/lib/python3.9/site-packages/joblib/_parallel_backends.py", line 561, in abort_everything
    self._workers.terminate(kill_workers=True)
  File "/zhome/fd/6/127382/miniconda3/lib/python3.9/site-packages/joblib/executor.py", line 74, in terminate
    self.shutdown(kill_workers=kill_workers)
KeyboardInterrupt
