  0%|          | 0/7613 [00:00<?, ?it/s]  0%|          | 24/7613 [00:00<00:32, 233.42it/s]  1%|          | 50/7613 [00:00<00:30, 246.00it/s]  1%|          | 76/7613 [00:00<00:30, 250.55it/s]  1%|▏         | 102/7613 [00:00<00:29, 252.78it/s]  2%|▏         | 128/7613 [00:00<00:29, 254.06it/s]  2%|▏         | 154/7613 [00:00<00:29, 254.93it/s]  2%|▏         | 180/7613 [00:00<00:29, 255.59it/s]  3%|▎         | 206/7613 [00:00<00:28, 256.16it/s]  3%|▎         | 232/7613 [00:00<00:28, 256.58it/s]  3%|▎         | 258/7613 [00:01<00:28, 256.90it/s]  4%|▎         | 284/7613 [00:01<00:28, 256.91it/s]  4%|▍         | 310/7613 [00:01<00:28, 257.30it/s]  4%|▍         | 336/7613 [00:01<00:28, 257.42it/s]  5%|▍         | 362/7613 [00:01<00:28, 257.93it/s]  5%|▌         | 388/7613 [00:01<00:27, 258.36it/s]  5%|▌         | 414/7613 [00:01<00:27, 258.78it/s]  6%|▌         | 440/7613 [00:01<00:27, 259.10it/s]  6%|▌         | 466/7613 [00:01<00:27, 259.28it/s]  6%|▋         | 492/7613 [00:01<00:27, 259.47it/s]  7%|▋         | 518/7613 [00:02<00:27, 259.56it/s]  7%|▋         | 544/7613 [00:02<00:27, 259.46it/s]  7%|▋         | 570/7613 [00:02<00:27, 259.59it/s]  8%|▊         | 596/7613 [00:02<00:27, 259.70it/s]  8%|▊         | 622/7613 [00:02<00:26, 259.79it/s]  9%|▊         | 648/7613 [00:02<00:26, 259.75it/s]  9%|▉         | 674/7613 [00:02<00:26, 259.78it/s]  9%|▉         | 700/7613 [00:02<00:26, 259.82it/s] 10%|▉         | 726/7613 [00:02<00:26, 259.87it/s] 10%|▉         | 753/7613 [00:02<00:26, 259.92it/s] 10%|█         | 779/7613 [00:03<00:26, 259.94it/s] 11%|█         | 805/7613 [00:03<00:26, 259.43it/s] 11%|█         | 831/7613 [00:03<00:26, 259.57it/s] 11%|█▏        | 857/7613 [00:03<00:26, 259.69it/s] 12%|█▏        | 883/7613 [00:03<00:25, 259.76it/s] 12%|█▏        | 909/7613 [00:03<00:26, 253.62it/s] 12%|█▏        | 935/7613 [00:03<00:26, 255.31it/s] 13%|█▎        | 961/7613 [00:03<00:25, 256.66it/s] 13%|█▎        | 987/7613 [00:03<00:25, 257.55it/s] 13%|█▎        | 1013/7613 [00:03<00:25, 258.21it/s] 14%|█▎        | 1039/7613 [00:04<00:25, 258.67it/s] 14%|█▍        | 1065/7613 [00:04<00:25, 258.84it/s] 14%|█▍        | 1092/7613 [00:04<00:25, 259.27it/s] 15%|█▍        | 1119/7613 [00:04<00:25, 259.50it/s] 15%|█▌        | 1145/7613 [00:04<00:24, 259.61it/s] 15%|█▌        | 1171/7613 [00:04<00:24, 259.72it/s] 16%|█▌        | 1197/7613 [00:04<00:24, 259.79it/s] 16%|█▌        | 1223/7613 [00:04<00:24, 259.80it/s] 16%|█▋        | 1250/7613 [00:04<00:24, 259.92it/s] 17%|█▋        | 1277/7613 [00:04<00:24, 260.01it/s] 17%|█▋        | 1304/7613 [00:05<00:24, 260.10it/s] 17%|█▋        | 1331/7613 [00:05<00:24, 259.92it/s] 18%|█▊        | 1358/7613 [00:05<00:24, 260.01it/s] 18%|█▊        | 1385/7613 [00:05<00:23, 260.11it/s] 19%|█▊        | 1412/7613 [00:05<00:23, 260.16it/s] 19%|█▉        | 1439/7613 [00:05<00:23, 260.10it/s] 19%|█▉        | 1466/7613 [00:05<00:23, 260.07it/s] 20%|█▉        | 1493/7613 [00:05<00:23, 260.07it/s] 20%|█▉        | 1520/7613 [00:05<00:23, 260.03it/s] 20%|██        | 1547/7613 [00:05<00:23, 259.99it/s] 21%|██        | 1573/7613 [00:06<00:23, 259.97it/s] 21%|██        | 1599/7613 [00:06<00:23, 259.70it/s] 21%|██▏       | 1625/7613 [00:06<00:23, 259.78it/s] 22%|██▏       | 1652/7613 [00:06<00:22, 259.88it/s] 22%|██▏       | 1679/7613 [00:06<00:22, 259.92it/s] 22%|██▏       | 1705/7613 [00:06<00:22, 259.93it/s] 23%|██▎       | 1731/7613 [00:06<00:22, 259.91it/s] 23%|██▎       | 1757/7613 [00:06<00:22, 259.92it/s] 23%|██▎       | 1783/7613 [00:06<00:22, 259.87it/s] 24%|██▍       | 1809/7613 [00:06<00:22, 259.87it/s] 24%|██▍       | 1835/7613 [00:07<00:22, 259.86it/s] 24%|██▍       | 1861/7613 [00:07<00:22, 259.70it/s] 25%|██▍       | 1887/7613 [00:07<00:22, 259.69it/s] 25%|██▌       | 1913/7613 [00:07<00:21, 259.75it/s] 25%|██▌       | 1939/7613 [00:07<00:21, 259.73it/s] 26%|██▌       | 1965/7613 [00:07<00:21, 259.72it/s] 26%|██▌       | 1992/7613 [00:07<00:21, 259.84it/s] 27%|██▋       | 2018/7613 [00:07<00:21, 259.81it/s] 27%|██▋       | 2045/7613 [00:07<00:21, 259.88it/s] 27%|██▋       | 2072/7613 [00:08<00:21, 259.95it/s] 28%|██▊       | 2099/7613 [00:08<00:21, 260.00it/s] 28%|██▊       | 2126/7613 [00:08<00:21, 259.53it/s] 28%|██▊       | 2153/7613 [00:08<00:21, 259.70it/s] 29%|██▊       | 2179/7613 [00:08<00:21, 258.60it/s] 29%|██▉       | 2205/7613 [00:08<00:20, 258.99it/s] 29%|██▉       | 2232/7613 [00:08<00:20, 259.31it/s] 30%|██▉       | 2258/7613 [00:08<00:20, 259.50it/s] 30%|███       | 2284/7613 [00:08<00:20, 259.64it/s] 30%|███       | 2310/7613 [00:08<00:20, 259.71it/s] 31%|███       | 2336/7613 [00:09<00:20, 259.78it/s] 31%|███       | 2362/7613 [00:09<00:20, 259.83it/s] 31%|███▏      | 2388/7613 [00:09<00:20, 259.16it/s] 32%|███▏      | 2414/7613 [00:09<00:20, 259.39it/s] 32%|███▏      | 2440/7613 [00:09<00:19, 259.55it/s] 32%|███▏      | 2466/7613 [00:09<00:19, 259.68it/s] 33%|███▎      | 2493/7613 [00:09<00:19, 259.78it/s] 33%|███▎      | 2519/7613 [00:09<00:19, 259.80it/s] 33%|███▎      | 2545/7613 [00:09<00:19, 259.82it/s] 34%|███▍      | 2571/7613 [00:09<00:19, 259.81it/s] 34%|███▍      | 2597/7613 [00:10<00:19, 252.97it/s] 34%|███▍      | 2623/7613 [00:10<00:19, 254.79it/s] 35%|███▍      | 2649/7613 [00:10<00:19, 255.97it/s] 35%|███▌      | 2675/7613 [00:10<00:19, 256.94it/s] 35%|███▌      | 2701/7613 [00:10<00:19, 257.72it/s] 36%|███▌      | 2727/7613 [00:10<00:18, 258.29it/s] 36%|███▌      | 2753/7613 [00:10<00:18, 258.69it/s] 37%|███▋      | 2779/7613 [00:10<00:18, 258.99it/s] 37%|███▋      | 2805/7613 [00:10<00:18, 259.21it/s] 37%|███▋      | 2831/7613 [00:10<00:18, 259.39it/s] 38%|███▊      | 2857/7613 [00:11<00:18, 259.52it/s] 38%|███▊      | 2883/7613 [00:11<00:18, 259.55it/s] 38%|███▊      | 2909/7613 [00:11<00:18, 259.03it/s] 39%|███▊      | 2935/7613 [00:11<00:18, 259.20it/s] 39%|███▉      | 2961/7613 [00:11<00:17, 259.27it/s] 39%|███▉      | 2987/7613 [00:11<00:17, 259.36it/s] 40%|███▉      | 3013/7613 [00:11<00:17, 259.40it/s] 40%|███▉      | 3039/7613 [00:11<00:17, 259.46it/s] 40%|████      | 3065/7613 [00:11<00:17, 259.50it/s] 41%|████      | 3091/7613 [00:11<00:17, 259.55it/s] 41%|████      | 3117/7613 [00:12<00:17, 259.54it/s] 41%|████▏     | 3143/7613 [00:12<00:17, 259.55it/s] 42%|████▏     | 3169/7613 [00:12<00:17, 258.87it/s] 42%|████▏     | 3195/7613 [00:12<00:17, 259.06it/s] 42%|████▏     | 3221/7613 [00:12<00:16, 259.22it/s] 43%|████▎     | 3247/7613 [00:12<00:16, 259.37it/s] 43%|████▎     | 3273/7613 [00:12<00:16, 259.28it/s] 43%|████▎     | 3299/7613 [00:12<00:16, 259.40it/s] 44%|████▎     | 3325/7613 [00:12<00:16, 259.48it/s] 44%|████▍     | 3351/7613 [00:12<00:16, 259.54it/s] 44%|████▍     | 3377/7613 [00:13<00:16, 259.57it/s] 45%|████▍     | 3403/7613 [00:13<00:16, 259.60it/s] 45%|████▌     | 3429/7613 [00:13<00:16, 255.88it/s] 45%|████▌     | 3455/7613 [00:13<00:16, 256.93it/s] 46%|████▌     | 3481/7613 [00:13<00:16, 257.74it/s] 46%|████▌     | 3507/7613 [00:13<00:15, 258.33it/s] 46%|████▋     | 3533/7613 [00:13<00:15, 258.72it/s] 47%|████▋     | 3559/7613 [00:13<00:15, 259.00it/s] 47%|████▋     | 3585/7613 [00:13<00:15, 259.23it/s] 47%|████▋     | 3611/7613 [00:13<00:15, 259.31it/s] 48%|████▊     | 3637/7613 [00:14<00:15, 259.40it/s] 48%|████▊     | 3663/7613 [00:14<00:15, 259.46it/s] 48%|████▊     | 3689/7613 [00:14<00:15, 258.86it/s] 49%|████▉     | 3715/7613 [00:14<00:15, 259.09it/s] 49%|████▉     | 3741/7613 [00:14<00:14, 259.31it/s] 49%|████▉     | 3767/7613 [00:14<00:14, 259.41it/s] 50%|████▉     | 3793/7613 [00:14<00:14, 259.49it/s] 50%|█████     | 3819/7613 [00:14<00:14, 259.58it/s] 51%|█████     | 3845/7613 [00:14<00:14, 259.64it/s] 51%|█████     | 3871/7613 [00:14<00:14, 259.66it/s] 51%|█████     | 3897/7613 [00:15<00:14, 259.69it/s] 52%|█████▏    | 3923/7613 [00:15<00:14, 259.70it/s] 52%|█████▏    | 3949/7613 [00:15<00:14, 259.48it/s] 52%|█████▏    | 3975/7613 [00:15<00:14, 259.53it/s] 53%|█████▎    | 4001/7613 [00:15<00:13, 259.63it/s] 53%|█████▎    | 4027/7613 [00:15<00:13, 259.47it/s] 53%|█████▎    | 4053/7613 [00:15<00:13, 259.52it/s] 54%|█████▎    | 4079/7613 [00:15<00:13, 259.53it/s] 54%|█████▍    | 4105/7613 [00:15<00:13, 259.64it/s] 54%|█████▍    | 4131/7613 [00:15<00:13, 259.61it/s] 55%|█████▍    | 4157/7613 [00:16<00:13, 259.60it/s] 55%|█████▍    | 4183/7613 [00:16<00:13, 259.67it/s] 55%|█████▌    | 4209/7613 [00:16<00:13, 259.25it/s] 56%|█████▌    | 4235/7613 [00:16<00:13, 259.38it/s] 56%|█████▌    | 4261/7613 [00:16<00:12, 259.51it/s] 56%|█████▋    | 4287/7613 [00:16<00:12, 259.63it/s] 57%|█████▋    | 4313/7613 [00:16<00:12, 259.64it/s] 57%|█████▋    | 4339/7613 [00:16<00:12, 259.72it/s] 57%|█████▋    | 4365/7613 [00:16<00:12, 259.75it/s] 58%|█████▊    | 4391/7613 [00:16<00:12, 259.78it/s] 58%|█████▊    | 4417/7613 [00:17<00:12, 259.77it/s] 58%|█████▊    | 4443/7613 [00:17<00:12, 259.83it/s] 59%|█████▊    | 4469/7613 [00:17<00:12, 259.28it/s] 59%|█████▉    | 4495/7613 [00:17<00:12, 259.46it/s] 59%|█████▉    | 4521/7613 [00:17<00:11, 259.52it/s] 60%|█████▉    | 4547/7613 [00:17<00:11, 259.59it/s] 60%|██████    | 4573/7613 [00:17<00:11, 259.68it/s] 60%|██████    | 4599/7613 [00:17<00:11, 259.68it/s] 61%|██████    | 4625/7613 [00:17<00:11, 259.73it/s] 61%|██████    | 4651/7613 [00:17<00:11, 259.70it/s] 61%|██████▏   | 4677/7613 [00:18<00:11, 259.05it/s] 62%|██████▏   | 4703/7613 [00:18<00:11, 259.22it/s] 62%|██████▏   | 4729/7613 [00:18<00:11, 258.74it/s] 62%|██████▏   | 4755/7613 [00:18<00:11, 259.09it/s] 63%|██████▎   | 4781/7613 [00:18<00:10, 259.27it/s] 63%|██████▎   | 4807/7613 [00:18<00:10, 259.39it/s] 63%|██████▎   | 4833/7613 [00:18<00:10, 259.51it/s] 64%|██████▍   | 4859/7613 [00:18<00:10, 259.59it/s] 64%|██████▍   | 4885/7613 [00:18<00:10, 259.64it/s] 65%|██████▍   | 4911/7613 [00:18<00:10, 259.65it/s] 65%|██████▍   | 4937/7613 [00:19<00:10, 259.70it/s] 65%|██████▌   | 4963/7613 [00:19<00:10, 259.71it/s] 66%|██████▌   | 4989/7613 [00:19<00:10, 258.97it/s] 66%|██████▌   | 5015/7613 [00:19<00:10, 259.22it/s] 66%|██████▌   | 5041/7613 [00:19<00:09, 259.36it/s] 67%|██████▋   | 5067/7613 [00:19<00:09, 259.50it/s] 67%|██████▋   | 5093/7613 [00:19<00:09, 259.57it/s] 67%|██████▋   | 5119/7613 [00:19<00:09, 259.58it/s] 68%|██████▊   | 5145/7613 [00:19<00:09, 259.69it/s] 68%|██████▊   | 5171/7613 [00:19<00:09, 259.67it/s] 68%|██████▊   | 5197/7613 [00:20<00:09, 259.41it/s] 69%|██████▊   | 5223/7613 [00:20<00:09, 259.53it/s] 69%|██████▉   | 5249/7613 [00:20<00:09, 259.08it/s] 69%|██████▉   | 5275/7613 [00:20<00:09, 259.28it/s] 70%|██████▉   | 5301/7613 [00:20<00:08, 259.48it/s] 70%|██████▉   | 5327/7613 [00:20<00:08, 259.55it/s] 70%|███████   | 5353/7613 [00:20<00:08, 259.61it/s] 71%|███████   | 5379/7613 [00:20<00:08, 259.62it/s] 71%|███████   | 5405/7613 [00:20<00:08, 259.70it/s] 71%|███████▏  | 5431/7613 [00:20<00:08, 259.75it/s] 72%|███████▏  | 5457/7613 [00:21<00:08, 259.78it/s] 72%|███████▏  | 5483/7613 [00:21<00:08, 259.81it/s] 72%|███████▏  | 5509/7613 [00:21<00:08, 259.08it/s] 73%|███████▎  | 5535/7613 [00:21<00:08, 259.26it/s] 73%|███████▎  | 5561/7613 [00:21<00:07, 259.45it/s] 73%|███████▎  | 5587/7613 [00:21<00:07, 259.56it/s] 74%|███████▎  | 5613/7613 [00:21<00:07, 259.63it/s] 74%|███████▍  | 5639/7613 [00:21<00:07, 259.67it/s] 74%|███████▍  | 5665/7613 [00:21<00:07, 259.69it/s] 75%|███████▍  | 5691/7613 [00:21<00:07, 259.72it/s] 75%|███████▌  | 5718/7613 [00:22<00:07, 259.81it/s] 75%|███████▌  | 5744/7613 [00:22<00:07, 259.80it/s] 76%|███████▌  | 5770/7613 [00:22<00:07, 259.45it/s] 76%|███████▌  | 5796/7613 [00:22<00:07, 259.51it/s] 76%|███████▋  | 5822/7613 [00:22<00:06, 259.55it/s] 77%|███████▋  | 5848/7613 [00:22<00:06, 259.61it/s] 77%|███████▋  | 5874/7613 [00:22<00:06, 259.67it/s] 77%|███████▋  | 5900/7613 [00:22<00:06, 259.55it/s] 78%|███████▊  | 5926/7613 [00:22<00:06, 259.65it/s] 78%|███████▊  | 5952/7613 [00:22<00:06, 259.75it/s] 79%|███████▊  | 5978/7613 [00:23<00:06, 259.79it/s] 79%|███████▉  | 6004/7613 [00:23<00:06, 259.84it/s] 79%|███████▉  | 6030/7613 [00:23<00:06, 259.03it/s] 80%|███████▉  | 6056/7613 [00:23<00:06, 258.05it/s] 80%|███████▉  | 6082/7613 [00:23<00:05, 258.54it/s] 80%|████████  | 6108/7613 [00:23<00:05, 258.93it/s] 81%|████████  | 6134/7613 [00:23<00:05, 259.22it/s] 81%|████████  | 6160/7613 [00:23<00:05, 259.37it/s] 81%|████████▏ | 6186/7613 [00:23<00:05, 259.49it/s] 82%|████████▏ | 6213/7613 [00:23<00:05, 259.65it/s] 82%|████████▏ | 6239/7613 [00:24<00:05, 259.67it/s] 82%|████████▏ | 6265/7613 [00:24<00:05, 259.73it/s] 83%|████████▎ | 6291/7613 [00:24<00:05, 259.33it/s] 83%|████████▎ | 6317/7613 [00:24<00:04, 259.46it/s] 83%|████████▎ | 6343/7613 [00:24<00:04, 259.56it/s] 84%|████████▎ | 6369/7613 [00:24<00:04, 259.64it/s] 84%|████████▍ | 6395/7613 [00:24<00:04, 259.65it/s] 84%|████████▍ | 6421/7613 [00:24<00:04, 259.71it/s] 85%|████████▍ | 6447/7613 [00:24<00:04, 259.72it/s] 85%|████████▌ | 6473/7613 [00:24<00:04, 259.68it/s] 85%|████████▌ | 6499/7613 [00:25<00:04, 259.72it/s] 86%|████████▌ | 6525/7613 [00:25<00:04, 259.70it/s] 86%|████████▌ | 6551/7613 [00:25<00:04, 259.46it/s] 86%|████████▋ | 6577/7613 [00:25<00:03, 259.51it/s] 87%|████████▋ | 6603/7613 [00:25<00:03, 259.61it/s] 87%|████████▋ | 6629/7613 [00:25<00:03, 259.54it/s] 87%|████████▋ | 6655/7613 [00:25<00:03, 259.60it/s] 88%|████████▊ | 6681/7613 [00:25<00:03, 259.62it/s] 88%|████████▊ | 6707/7613 [00:25<00:03, 259.61it/s] 88%|████████▊ | 6733/7613 [00:25<00:03, 259.61it/s] 89%|████████▉ | 6759/7613 [00:26<00:03, 259.59it/s] 89%|████████▉ | 6785/7613 [00:26<00:03, 259.66it/s] 89%|████████▉ | 6811/7613 [00:26<00:03, 259.43it/s] 90%|████████▉ | 6837/7613 [00:26<00:02, 259.53it/s] 90%|█████████ | 6863/7613 [00:26<00:02, 259.63it/s] 90%|█████████ | 6889/7613 [00:26<00:02, 259.68it/s] 91%|█████████ | 6915/7613 [00:26<00:02, 259.66it/s] 91%|█████████ | 6941/7613 [00:26<00:02, 259.68it/s] 92%|█████████▏| 6967/7613 [00:26<00:02, 259.71it/s] 92%|█████████▏| 6993/7613 [00:26<00:02, 259.72it/s] 92%|█████████▏| 7019/7613 [00:27<00:02, 259.70it/s] 93%|█████████▎| 7045/7613 [00:27<00:02, 259.73it/s] 93%|█████████▎| 7071/7613 [00:27<00:02, 259.63it/s] 93%|█████████▎| 7097/7613 [00:27<00:01, 259.63it/s] 94%|█████████▎| 7123/7613 [00:27<00:01, 259.64it/s] 94%|█████████▍| 7149/7613 [00:27<00:01, 259.70it/s] 94%|█████████▍| 7175/7613 [00:27<00:01, 259.72it/s] 95%|█████████▍| 7201/7613 [00:27<00:01, 259.71it/s] 95%|█████████▍| 7227/7613 [00:27<00:01, 259.58it/s] 95%|█████████▌| 7253/7613 [00:27<00:01, 259.65it/s] 96%|█████████▌| 7279/7613 [00:28<00:01, 259.71it/s] 96%|█████████▌| 7305/7613 [00:28<00:01, 259.74it/s] 96%|█████████▋| 7331/7613 [00:28<00:01, 259.50it/s] 97%|█████████▋| 7357/7613 [00:28<00:00, 259.55it/s] 97%|█████████▋| 7384/7613 [00:28<00:00, 259.69it/s] 97%|█████████▋| 7410/7613 [00:28<00:00, 259.75it/s] 98%|█████████▊| 7436/7613 [00:28<00:00, 258.17it/s] 98%|█████████▊| 7462/7613 [00:28<00:00, 258.35it/s] 98%|█████████▊| 7488/7613 [00:28<00:00, 258.72it/s] 99%|█████████▊| 7514/7613 [00:28<00:00, 258.98it/s] 99%|█████████▉| 7540/7613 [00:29<00:00, 259.23it/s] 99%|█████████▉| 7566/7613 [00:29<00:00, 259.41it/s]100%|█████████▉| 7592/7613 [00:29<00:00, 258.90it/s]100%|██████████| 7613/7613 [00:29<00:00, 259.17it/s]
Traceback (most recent call last):
  File "/zhome/fd/6/127382/miniconda3/lib/python3.9/site-packages/joblib/parallel.py", line 935, in retrieve
    self._output.extend(job.get(timeout=self.timeout))
  File "/zhome/fd/6/127382/miniconda3/lib/python3.9/site-packages/joblib/_parallel_backends.py", line 542, in wrap_future_result
    return future.result(timeout=timeout)
  File "/zhome/fd/6/127382/miniconda3/lib/python3.9/concurrent/futures/_base.py", line 441, in result
    self._condition.wait(timeout)
  File "/zhome/fd/6/127382/miniconda3/lib/python3.9/threading.py", line 312, in wait
    waiter.acquire()
KeyboardInterrupt

During handling of the above exception, another exception occurred:

Traceback (most recent call last):
  File "/zhome/fd/6/127382/Desktop/MasterThesis/Master-thesis/main.py", line 232, in <module>
    scores_RandomForest_DI = method_RandomForest(X_train, X_test, DI_train, DI_test, 'DI_synth_split1_b', model=model, gridsearch=gridsearch, cv_in=[cv_train,split_test], verbose=verbose,n_jobs=n_jobs)
  File "/zhome/fd/6/127382/Desktop/MasterThesis/Master-thesis/functions.py", line 362, in method_RandomForest
    rf_train.fit(X_train,y_train)
  File "/zhome/fd/6/127382/miniconda3/lib/python3.9/site-packages/sklearn/model_selection/_search.py", line 875, in fit
    self._run_search(evaluate_candidates)
  File "/zhome/fd/6/127382/miniconda3/lib/python3.9/site-packages/sklearn/model_selection/_search.py", line 1379, in _run_search
    evaluate_candidates(ParameterGrid(self.param_grid))
  File "/zhome/fd/6/127382/miniconda3/lib/python3.9/site-packages/sklearn/model_selection/_search.py", line 822, in evaluate_candidates
    out = parallel(
  File "/zhome/fd/6/127382/miniconda3/lib/python3.9/site-packages/joblib/parallel.py", line 1056, in __call__
    self.retrieve()
  File "/zhome/fd/6/127382/miniconda3/lib/python3.9/site-packages/joblib/parallel.py", line 957, in retrieve
    backend.abort_everything(ensure_ready=ensure_ready)
  File "/zhome/fd/6/127382/miniconda3/lib/python3.9/site-packages/joblib/_parallel_backends.py", line 561, in abort_everything
    self._workers.terminate(kill_workers=True)
  File "/zhome/fd/6/127382/miniconda3/lib/python3.9/site-packages/joblib/executor.py", line 74, in terminate
    self.shutdown(kill_workers=kill_workers)
  File "/zhome/fd/6/127382/miniconda3/lib/python3.9/site-packages/joblib/externals/loky/process_executor.py", line 1175, in shutdown
    self._flags.flag_as_shutting_down(kill_workers)
  File "/zhome/fd/6/127382/miniconda3/lib/python3.9/site-packages/joblib/externals/loky/process_executor.py", line 167, in flag_as_shutting_down
    def flag_as_shutting_down(self, kill_workers=None):
KeyboardInterrupt
Terminated
/zhome/fd/6/127382/miniconda3/lib/python3.9/site-packages/joblib/externals/loky/backend/resource_tracker.py:318: UserWarning: resource_tracker: There appear to be 1 leaked file objects to clean up at shutdown
  warnings.warn('resource_tracker: There appear to be %d '
/zhome/fd/6/127382/miniconda3/lib/python3.9/site-packages/joblib/externals/loky/backend/resource_tracker.py:318: UserWarning: resource_tracker: There appear to be 30 leaked semlock objects to clean up at shutdown
  warnings.warn('resource_tracker: There appear to be %d '
/zhome/fd/6/127382/miniconda3/lib/python3.9/site-packages/joblib/externals/loky/backend/resource_tracker.py:318: UserWarning: resource_tracker: There appear to be 2 leaked folder objects to clean up at shutdown
  warnings.warn('resource_tracker: There appear to be %d '
